<?xml version="1.0" encoding="UTF-8"?>
<testsuite name="HeapSortTest" tests="6" skipped="0" failures="0" errors="0" timestamp="2025-09-07T13:25:29.709Z" hostname="DESKTOP-CAG2E7H" time="0.043">
  <properties/>
  <testcase name="randomStressTest()" classname="HeapSortTest" time="0.033"/>
  <testcase name="reverseArrayTest()" classname="HeapSortTest" time="0.001"/>
  <testcase name="emptyArrayTest()" classname="HeapSortTest" time="0.001"/>
  <testcase name="handlesDuplicatesAndNegatives()" classname="HeapSortTest" time="0.0"/>
  <testcase name="sortedArrayTest()" classname="HeapSortTest" time="0.001"/>
  <testcase name="singleElementTest()" classname="HeapSortTest" time="0.002"/>
  <system-out><![CDATA[]]></system-out>
  <system-err><![CDATA[]]></system-err>
</testsuite>
